<?xml version="1.0" encoding="UTF-8"?>
<testng-results skipped="1" failed="0" total="2" passed="1">
  <reporter-output>
  </reporter-output>
  <suite name="DBSFramework" duration-ms="85082" started-at="2016-08-13T06:31:25Z" finished-at="2016-08-13T06:32:50Z">
    <groups>
      <group name="regression">
        <method signature="MyTestCase.MyTestCase1(java.lang.String)[pri:0, instance:test.dbs.scripts.MyTestCase@fd44cb]" name="MyTestCase1" class="test.dbs.scripts.MyTestCase"/>
        <method signature="MyTestCase.MyTestCase1(java.lang.String)[pri:0, instance:test.dbs.scripts.MyTestCase@1972b0]" name="MyTestCase1" class="test.dbs.scripts.MyTestCase"/>
      </group> <!-- regression -->
    </groups>
    <test name="DBS Test-Chrome" duration-ms="20653" started-at="2016-08-13T06:31:25Z" finished-at="2016-08-13T06:31:46Z">
      <class name="test.dbs.scripts.MyTestCase">
        <test-method status="FAIL" signature="beforeClass(java.lang.String, java.lang.String, java.lang.String, java.lang.String, java.lang.String, java.lang.String)[pri:0, instance:test.dbs.scripts.MyTestCase@fd44cb]" name="beforeClass" is-config="true" duration-ms="0" depends-on-groups="initGroup" started-at="2016-08-13T12:01:25Z" finished-at="2016-08-13T12:01:25Z">
          <params>
            <param index="0">
              <value>
                <![CDATA[Selenium]]>
              </value>
            </param>
            <param index="1">
              <value>
                <![CDATA[chrome]]>
              </value>
            </param>
            <param index="2">
              <value>
                <![CDATA[46]]>
              </value>
            </param>
            <param index="3">
              <value>
                <![CDATA[local]]>
              </value>
            </param>
            <param index="4">
              <value>
                <![CDATA[Windows 7]]>
              </value>
            </param>
            <param index="5">
              <value>
                <![CDATA[]]>
              </value>
            </param>
          </params>
          <exception class="java.lang.NullPointerException">
            <full-stacktrace>
              <![CDATA[java.lang.NullPointerException
	at main.automation.accelerators.TestEngineWeb.beforeClass(TestEngineWeb.java:181)
	at sun.reflect.NativeMethodAccessorImpl.invoke0(Native Method)
	at sun.reflect.NativeMethodAccessorImpl.invoke(NativeMethodAccessorImpl.java:62)
	at sun.reflect.DelegatingMethodAccessorImpl.invoke(DelegatingMethodAccessorImpl.java:43)
	at java.lang.reflect.Method.invoke(Method.java:497)
	at org.testng.internal.MethodInvocationHelper.invokeMethod(MethodInvocationHelper.java:85)
	at org.testng.internal.Invoker.invokeConfigurationMethod(Invoker.java:510)
	at org.testng.internal.Invoker.invokeConfigurations(Invoker.java:211)
	at org.testng.internal.Invoker.invokeConfigurations(Invoker.java:138)
	at org.testng.internal.TestMethodWorker.invokeBeforeClassMethods(TestMethodWorker.java:170)
	at org.testng.internal.TestMethodWorker.run(TestMethodWorker.java:104)
	at org.testng.TestRunner.privateRun(TestRunner.java:773)
	at org.testng.TestRunner.run(TestRunner.java:623)
	at org.testng.SuiteRunner.runTest(SuiteRunner.java:357)
	at org.testng.SuiteRunner.access$000(SuiteRunner.java:39)
	at org.testng.SuiteRunner$SuiteWorker.run(SuiteRunner.java:391)
	at org.testng.internal.thread.ThreadUtil$2.call(ThreadUtil.java:64)
	at java.util.concurrent.FutureTask.run(FutureTask.java:266)
	at java.util.concurrent.ThreadPoolExecutor.runWorker(ThreadPoolExecutor.java:1142)
	at java.util.concurrent.ThreadPoolExecutor$Worker.run(ThreadPoolExecutor.java:617)
	at java.lang.Thread.run(Thread.java:745)
]]>
            </full-stacktrace>
          </exception> <!-- java.lang.NullPointerException -->
          <reporter-output>
          </reporter-output>
        </test-method> <!-- beforeClass -->
        <test-method status="PASS" signature="beforeMethod(java.lang.reflect.Method)[pri:0, instance:test.dbs.scripts.MyTestCase@fd44cb]" name="beforeMethod" is-config="true" duration-ms="253" started-at="2016-08-13T12:01:43Z" finished-at="2016-08-13T12:01:43Z">
          <params>
            <param index="0">
              <value>
                <![CDATA[public void test.dbs.scripts.MyTestCase.MyTestCase1(java.lang.String) throws java.lang.Throwable]]>
              </value>
            </param>
          </params>
          <reporter-output>
          </reporter-output>
        </test-method> <!-- beforeMethod -->
        <test-method status="SKIP" signature="MyTestCase1(java.lang.String)[pri:0, instance:test.dbs.scripts.MyTestCase@fd44cb]" name="MyTestCase1" duration-ms="0" started-at="2016-08-13T12:01:43Z" data-provider="getSearchTextValue" finished-at="2016-08-13T12:01:43Z">
          <params>
            <param index="0">
              <value>
                <![CDATA[euromoney]]>
              </value>
            </param>
          </params>
          <reporter-output>
          </reporter-output>
        </test-method> <!-- MyTestCase1 -->
        <test-method status="PASS" signature="afterMethod()[pri:0, instance:test.dbs.scripts.MyTestCase@fd44cb]" name="afterMethod" is-config="true" duration-ms="20" started-at="2016-08-13T12:01:43Z" finished-at="2016-08-13T12:01:43Z">
          <reporter-output>
          </reporter-output>
        </test-method> <!-- afterMethod -->
        <test-method status="FAIL" signature="afterClass()[pri:0, instance:test.dbs.scripts.MyTestCase@fd44cb]" name="afterClass" is-config="true" duration-ms="0" started-at="2016-08-13T12:01:43Z" finished-at="2016-08-13T12:01:43Z">
          <exception class="java.lang.NullPointerException">
            <full-stacktrace>
              <![CDATA[java.lang.NullPointerException
	at main.automation.accelerators.TestEngineWeb.afterClass(TestEngineWeb.java:237)
	at sun.reflect.NativeMethodAccessorImpl.invoke0(Native Method)
	at sun.reflect.NativeMethodAccessorImpl.invoke(NativeMethodAccessorImpl.java:62)
	at sun.reflect.DelegatingMethodAccessorImpl.invoke(DelegatingMethodAccessorImpl.java:43)
	at java.lang.reflect.Method.invoke(Method.java:497)
	at org.testng.internal.MethodInvocationHelper.invokeMethod(MethodInvocationHelper.java:85)
	at org.testng.internal.Invoker.invokeConfigurationMethod(Invoker.java:510)
	at org.testng.internal.Invoker.invokeConfigurations(Invoker.java:211)
	at org.testng.internal.Invoker.invokeConfigurations(Invoker.java:138)
	at org.testng.internal.TestMethodWorker.invokeAfterClassMethods(TestMethodWorker.java:220)
	at org.testng.internal.TestMethodWorker.run(TestMethodWorker.java:111)
	at org.testng.TestRunner.privateRun(TestRunner.java:773)
	at org.testng.TestRunner.run(TestRunner.java:623)
	at org.testng.SuiteRunner.runTest(SuiteRunner.java:357)
	at org.testng.SuiteRunner.access$000(SuiteRunner.java:39)
	at org.testng.SuiteRunner$SuiteWorker.run(SuiteRunner.java:391)
	at org.testng.internal.thread.ThreadUtil$2.call(ThreadUtil.java:64)
	at java.util.concurrent.FutureTask.run(FutureTask.java:266)
	at java.util.concurrent.ThreadPoolExecutor.runWorker(ThreadPoolExecutor.java:1142)
	at java.util.concurrent.ThreadPoolExecutor$Worker.run(ThreadPoolExecutor.java:617)
	at java.lang.Thread.run(Thread.java:745)
]]>
            </full-stacktrace>
          </exception> <!-- java.lang.NullPointerException -->
          <reporter-output>
          </reporter-output>
        </test-method> <!-- afterClass -->
      </class> <!-- test.dbs.scripts.MyTestCase -->
    </test> <!-- DBS Test-Chrome -->
    <test name="MyTest - Firefox" duration-ms="85082" started-at="2016-08-13T06:31:25Z" finished-at="2016-08-13T06:32:50Z">
      <class name="test.dbs.scripts.MyTestCase">
        <test-method status="PASS" signature="beforeClass(java.lang.String, java.lang.String, java.lang.String, java.lang.String, java.lang.String, java.lang.String)[pri:0, instance:test.dbs.scripts.MyTestCase@1972b0]" name="beforeClass" is-config="true" duration-ms="59979" depends-on-groups="initGroup" started-at="2016-08-13T12:01:25Z" finished-at="2016-08-13T12:02:25Z">
          <params>
            <param index="0">
              <value>
                <![CDATA[Selenium]]>
              </value>
            </param>
            <param index="1">
              <value>
                <![CDATA[firefox]]>
              </value>
            </param>
            <param index="2">
              <value>
                <![CDATA[33]]>
              </value>
            </param>
            <param index="3">
              <value>
                <![CDATA[local]]>
              </value>
            </param>
            <param index="4">
              <value>
                <![CDATA[Windows 7]]>
              </value>
            </param>
            <param index="5">
              <value>
                <![CDATA[]]>
              </value>
            </param>
          </params>
          <reporter-output>
          </reporter-output>
        </test-method> <!-- beforeClass -->
        <test-method status="PASS" signature="beforeMethod(java.lang.reflect.Method)[pri:0, instance:test.dbs.scripts.MyTestCase@1972b0]" name="beforeMethod" is-config="true" duration-ms="61" started-at="2016-08-13T12:02:25Z" finished-at="2016-08-13T12:02:25Z">
          <params>
            <param index="0">
              <value>
                <![CDATA[public void test.dbs.scripts.MyTestCase.MyTestCase1(java.lang.String) throws java.lang.Throwable]]>
              </value>
            </param>
          </params>
          <reporter-output>
          </reporter-output>
        </test-method> <!-- beforeMethod -->
        <test-method status="PASS" signature="MyTestCase1(java.lang.String)[pri:0, instance:test.dbs.scripts.MyTestCase@1972b0]" name="MyTestCase1" duration-ms="21738" started-at="2016-08-13T12:02:25Z" data-provider="getSearchTextValue" finished-at="2016-08-13T12:02:47Z">
          <params>
            <param index="0">
              <value>
                <![CDATA[euromoney]]>
              </value>
            </param>
          </params>
          <reporter-output>
          </reporter-output>
        </test-method> <!-- MyTestCase1 -->
        <test-method status="PASS" signature="afterMethod()[pri:0, instance:test.dbs.scripts.MyTestCase@1972b0]" name="afterMethod" is-config="true" duration-ms="10" started-at="2016-08-13T12:02:47Z" finished-at="2016-08-13T12:02:47Z">
          <reporter-output>
          </reporter-output>
        </test-method> <!-- afterMethod -->
        <test-method status="FAIL" signature="afterClass()[pri:0, instance:test.dbs.scripts.MyTestCase@1972b0]" name="afterClass" is-config="true" duration-ms="0" started-at="2016-08-13T12:02:47Z" finished-at="2016-08-13T12:02:47Z">
          <exception class="com.applitools.eyes.TestFailedException">
            <message>
              <![CDATA['Test Web Page' of 'Applitools'. See details at https://eyes.applitools.com/app/sessions/00000251931230890368/00000251931230890118?accountId=bFZbZBbmDUS0Cc6JKwMAqQ~~]]>
            </message>
            <full-stacktrace>
              <![CDATA[com.applitools.eyes.TestFailedException: 'Test Web Page' of 'Applitools'. See details at https://eyes.applitools.com/app/sessions/00000251931230890368/00000251931230890118?accountId=bFZbZBbmDUS0Cc6JKwMAqQ~~
	at com.applitools.eyes.EyesBase.close(EyesBase.java:600)
	at com.applitools.eyes.Eyes.close(Eyes.java:17)
	at com.applitools.eyes.EyesBase.close(EyesBase.java:540)
	at com.applitools.eyes.Eyes.close(Eyes.java:17)
	at main.automation.accelerators.TestEngineWeb.afterClass(TestEngineWeb.java:237)
	at sun.reflect.NativeMethodAccessorImpl.invoke0(Native Method)
	at sun.reflect.NativeMethodAccessorImpl.invoke(NativeMethodAccessorImpl.java:62)
	at sun.reflect.DelegatingMethodAccessorImpl.invoke(DelegatingMethodAccessorImpl.java:43)
	at java.lang.reflect.Method.invoke(Method.java:497)
	at org.testng.internal.MethodInvocationHelper.invokeMethod(MethodInvocationHelper.java:85)
	at org.testng.internal.Invoker.invokeConfigurationMethod(Invoker.java:510)
	at org.testng.internal.Invoker.invokeConfigurations(Invoker.java:211)
	at org.testng.internal.Invoker.invokeConfigurations(Invoker.java:138)
	at org.testng.internal.TestMethodWorker.invokeAfterClassMethods(TestMethodWorker.java:220)
	at org.testng.internal.TestMethodWorker.run(TestMethodWorker.java:111)
	at org.testng.TestRunner.privateRun(TestRunner.java:773)
	at org.testng.TestRunner.run(TestRunner.java:623)
	at org.testng.SuiteRunner.runTest(SuiteRunner.java:357)
	at org.testng.SuiteRunner.access$000(SuiteRunner.java:39)
	at org.testng.SuiteRunner$SuiteWorker.run(SuiteRunner.java:391)
	at org.testng.internal.thread.ThreadUtil$2.call(ThreadUtil.java:64)
	at java.util.concurrent.FutureTask.run(FutureTask.java:266)
	at java.util.concurrent.ThreadPoolExecutor.runWorker(ThreadPoolExecutor.java:1142)
	at java.util.concurrent.ThreadPoolExecutor$Worker.run(ThreadPoolExecutor.java:617)
	at java.lang.Thread.run(Thread.java:745)
]]>
            </full-stacktrace>
          </exception> <!-- com.applitools.eyes.TestFailedException -->
          <reporter-output>
          </reporter-output>
        </test-method> <!-- afterClass -->
      </class> <!-- test.dbs.scripts.MyTestCase -->
    </test> <!-- MyTest - Firefox -->
  </suite> <!-- DBSFramework -->
</testng-results>
